<?xml version="1.0" encoding="UTF-8"?>
<testsuite name="ch.opentrainingcenter.db.internal.WeatherDaoTest" time="0.006" tests="1" errors="0" skipped="0" failures="0">
  <properties>
    <property name="java.vendor" value="Oracle Corporation"/>
    <property name="osgi.bundles.defaultStartLevel" value="4"/>
    <property name="sun.java.launcher" value="SUN_STANDARD"/>
    <property name="org.osgi.supports.framework.extension" value="true"/>
    <property name="sun.management.compiler" value="HotSpot 64-Bit Tiered Compilers"/>
    <property name="os.name" value="Linux"/>
    <property name="sun.boot.class.path" value="/usr/lib/jvm/jdk1.8.0_05/jre/lib/resources.jar:/usr/lib/jvm/jdk1.8.0_05/jre/lib/rt.jar:/usr/lib/jvm/jdk1.8.0_05/jre/lib/sunrsasign.jar:/usr/lib/jvm/jdk1.8.0_05/jre/lib/jsse.jar:/usr/lib/jvm/jdk1.8.0_05/jre/lib/jce.jar:/usr/lib/jvm/jdk1.8.0_05/jre/lib/charsets.jar:/usr/lib/jvm/jdk1.8.0_05/jre/lib/jfr.jar:/usr/lib/jvm/jdk1.8.0_05/jre/classes"/>
    <property name="osgi.ws" value="gtk"/>
    <property name="sun.desktop" value="gnome"/>
    <property name="java.vm.specification.vendor" value="Oracle Corporation"/>
    <property name="java.runtime.version" value="1.8.0_05-b13"/>
    <property name="osgi.instance.area" value="file:/media/celita/SSD/git_repository/opentrainingcenter/ch.opentrainingcenter.database.tests/target/work/data/"/>
    <property name="org.osgi.framework.uuid" value="5076121e-bb16-0015-1580-e6548be619f5"/>
    <property name="osgi.noShutdown" value="false"/>
    <property name="user.name" value="celita"/>
    <property name="org.osgi.framework.system.packages" value="javax.accessibility,javax.activation,javax.activity,javax.annotation,javax.annotation.processing,javax.crypto,javax.crypto.interfaces,javax.crypto.spec,javax.imageio,javax.imageio.event,javax.imageio.metadata,javax.imageio.plugins.bmp,javax.imageio.plugins.jpeg,javax.imageio.spi,javax.imageio.stream,javax.jws,javax.jws.soap,javax.lang.model,javax.lang.model.element,javax.lang.model.type,javax.lang.model.util,javax.management,javax.management.loading,javax.management.modelmbean,javax.management.monitor,javax.management.openmbean,javax.management.relation,javax.management.remote,javax.management.remote.rmi,javax.management.timer,javax.naming,javax.naming.directory,javax.naming.event,javax.naming.ldap,javax.naming.spi,javax.net,javax.net.ssl,javax.print,javax.print.attribute,javax.print.attribute.standard,javax.print.event,javax.rmi,javax.rmi.CORBA,javax.rmi.ssl,javax.script,javax.security.auth,javax.security.auth.callback,javax.security.auth.kerberos,javax.security.auth.login,javax.security.auth.spi,javax.security.auth.x500,javax.security.cert,javax.security.sasl,javax.sound.midi,javax.sound.midi.spi,javax.sound.sampled,javax.sound.sampled.spi,javax.sql,javax.sql.rowset,javax.sql.rowset.serial,javax.sql.rowset.spi,javax.swing,javax.swing.border,javax.swing.colorchooser,javax.swing.event,javax.swing.filechooser,javax.swing.plaf,javax.swing.plaf.basic,javax.swing.plaf.metal,javax.swing.plaf.multi,javax.swing.plaf.nimbus,javax.swing.plaf.synth,javax.swing.table,javax.swing.text,javax.swing.text.html,javax.swing.text.html.parser,javax.swing.text.rtf,javax.swing.tree,javax.swing.undo,javax.tools,javax.transaction,javax.transaction.xa,javax.xml,javax.xml.bind,javax.xml.bind.annotation,javax.xml.bind.annotation.adapters,javax.xml.bind.attachment,javax.xml.bind.helpers,javax.xml.bind.util,javax.xml.crypto,javax.xml.crypto.dom,javax.xml.crypto.dsig,javax.xml.crypto.dsig.dom,javax.xml.crypto.dsig.keyinfo,javax.xml.crypto.dsig.spec,javax.xml.datatype,javax.xml.namespace,javax.xml.parsers,javax.xml.soap,javax.xml.stream,javax.xml.stream.events,javax.xml.stream.util,javax.xml.transform,javax.xml.transform.dom,javax.xml.transform.sax,javax.xml.transform.stax,javax.xml.transform.stream,javax.xml.validation,javax.xml.ws,javax.xml.ws.handler,javax.xml.ws.handler.soap,javax.xml.ws.http,javax.xml.ws.soap,javax.xml.ws.spi,javax.xml.ws.spi.http,javax.xml.ws.wsaddressing,javax.xml.xpath,org.ietf.jgss,org.omg.CORBA,org.omg.CORBA_2_3,org.omg.CORBA_2_3.portable,org.omg.CORBA.DynAnyPackage,org.omg.CORBA.ORBPackage,org.omg.CORBA.portable,org.omg.CORBA.TypeCodePackage,org.omg.CosNaming,org.omg.CosNaming.NamingContextExtPackage,org.omg.CosNaming.NamingContextPackage,org.omg.Dynamic,org.omg.DynamicAny,org.omg.DynamicAny.DynAnyFactoryPackage,org.omg.DynamicAny.DynAnyPackage,org.omg.IOP,org.omg.IOP.CodecFactoryPackage,org.omg.IOP.CodecPackage,org.omg.Messaging,org.omg.PortableInterceptor,org.omg.PortableInterceptor.ORBInitInfoPackage,org.omg.PortableServer,org.omg.PortableServer.CurrentPackage,org.omg.PortableServer.POAManagerPackage,org.omg.PortableServer.POAPackage,org.omg.PortableServer.portable,org.omg.PortableServer.ServantLocatorPackage,org.omg.SendingContext,org.omg.stub.java.rmi,org.w3c.dom,org.w3c.dom.bootstrap,org.w3c.dom.css,org.w3c.dom.events,org.w3c.dom.html,org.w3c.dom.ls,org.w3c.dom.ranges,org.w3c.dom.stylesheets,org.w3c.dom.traversal,org.w3c.dom.views,org.w3c.dom.xpath,org.xml.sax,org.xml.sax.ext,org.xml.sax.helpers"/>
    <property name="org.osgi.framework.language" value="de"/>
    <property name="user.language" value="de"/>
    <property name="org.osgi.framework.processor" value="x86-64"/>
    <property name="osgi.syspath" value="/home/celita/.m2/repository/p2/osgi/bundle/org.eclipse.osgi/3.8.2.v20130124-134944"/>
    <property name="sun.boot.library.path" value="/usr/lib/jvm/jdk1.8.0_05/jre/lib/amd64"/>
    <property name="osgi.manifest.cache" value="/media/celita/SSD/git_repository/opentrainingcenter/ch.opentrainingcenter.database.tests/target/work/configuration/org.eclipse.osgi/manifests"/>
    <property name="org.osgi.framework.system.capabilities" value="osgi.ee; osgi.ee=&quot;OSGi/Minimum&quot;; version:List&lt;Version&gt;=&quot;1.0, 1.1, 1.2&quot;,osgi.ee; osgi.ee=&quot;JRE&quot;; version:List&lt;Version&gt;=&quot;1.0, 1.1&quot;,osgi.ee; osgi.ee=&quot;JavaSE&quot;; version:List&lt;Version&gt;=&quot;1.0, 1.1, 1.2, 1.3, 1.4, 1.5, 1.6, 1.7&quot;"/>
    <property name="java.version" value="1.8.0_05"/>
    <property name="org.osgi.framework.os.name" value="Linux"/>
    <property name="user.timezone" value="Europe/Zurich"/>
    <property name="sun.arch.data.model" value="64"/>
    <property name="osgi.bundles" value="reference:file:/media/celita/SSD/git_repository/opentrainingcenter/ch.opentrainingcenter.core/target/ch.opentrainingcenter.core-1.0.0-SNAPSHOT.jar,reference:file:/home/celita/.m2/repository/p2/osgi/bundle/org.eclipse.core.runtime/3.8.0.v20120521-2346/org.eclipse.core.runtime-3.8.0.v20120521-2346.jar@4:start,reference:file:/media/celita/SSD/git_repository/opentrainingcenter/logging/target/logging-1.0.0.jar,reference:file:/media/celita/SSD/git_repository/opentrainingcenter/ch.opentrainingcenter.transfer/target/ch.opentrainingcenter.transfer-1.0.0-SNAPSHOT.jar,reference:file:/media/celita/SSD/git_repository/opentrainingcenter/jodatime/target/jodatime-2.1.0.jar,reference:file:/media/celita/SSD/git_repository/opentrainingcenter/ch.opentrainingcenter.i18n/target/ch.opentrainingcenter.i18n-1.0.0-SNAPSHOT.jar,reference:file:/home/celita/.m2/repository/p2/osgi/bundle/org.eclipse.jface/3.8.0.v20120912-135020/org.eclipse.jface-3.8.0.v20120912-135020.jar,reference:file:/home/celita/.m2/repository/p2/osgi/bundle/org.eclipse.ui/3.8.2.v20121018-234953/org.eclipse.ui-3.8.2.v20121018-234953.jar,reference:file:/media/celita/SSD/git_repository/opentrainingcenter/ch.opentrainingcenter.database/target/ch.opentrainingcenter.database-1.0.0-SNAPSHOT.jar,reference:file:/media/celita/SSD/git_repository/opentrainingcenter/org.hibernate/target/org.hibernate-1.0.0.jar,reference:file:/media/celita/SSD/git_repository/opentrainingcenter/ch.opentrainingcenter.database.tests,reference:file:/home/celita/.m2/repository/p2/osgi/bundle/org.junit/4.10.0.v4_10_0_v20120426-0900/org.junit-4.10.0.v4_10_0_v20120426-0900.jar,reference:file:/media/celita/SSD/git_repository/opentrainingcenter/mockito/target/mockito-1.0.0.jar,reference:file:/media/celita/SSD/git_repository/opentrainingcenter/ch.opentrainingcenter.db/target/ch.opentrainingcenter.db-1.0.0-SNAPSHOT.jar,reference:file:/media/celita/SSD/git_repository/opentrainingcenter/h2/target/h2_lib-1.0.0.jar,reference:file:/home/celita/.m2/repository/p2/osgi/bundle/org.eclipse.equinox.common/3.6.100.v20120522-1841/org.eclipse.equinox.common-3.6.100.v20120522-1841.jar@2:start,reference:file:/home/celita/.m2/repository/p2/osgi/bundle/org.eclipse.core.commands/3.6.1.v20120912-135020/org.eclipse.core.commands-3.6.1.v20120912-135020.jar,reference:file:/home/celita/.m2/repository/p2/osgi/bundle/org.eclipse.core.contenttype/3.4.200.v20120523-2004/org.eclipse.core.contenttype-3.4.200.v20120523-2004.jar,reference:file:/home/celita/.m2/repository/p2/osgi/bundle/org.eclipse.equinox.preferences/3.5.1.v20121031-182809/org.eclipse.equinox.preferences-3.5.1.v20121031-182809.jar,reference:file:/home/celita/.m2/repository/p2/osgi/bundle/org.eclipse.equinox.registry/3.5.200.v20120522-1841/org.eclipse.equinox.registry-3.5.200.v20120522-1841.jar,reference:file:/home/celita/.m2/repository/p2/osgi/bundle/org.eclipse.core.databinding.observable/1.4.1.v20120521-2332/org.eclipse.core.databinding.observable-1.4.1.v20120521-2332.jar,reference:file:/home/celita/.m2/repository/p2/osgi/bundle/org.eclipse.core.databinding.property/1.4.100.v20120523-1956/org.eclipse.core.databinding.property-1.4.100.v20120523-1956.jar,reference:file:/home/celita/.m2/repository/p2/osgi/bundle/com.ibm.icu.base/4.4.2.v20110831/com.ibm.icu.base-4.4.2.v20110831.jar,reference:file:/home/celita/.m2/repository/p2/osgi/bundle/org.eclipse.core.databinding/1.4.1.v20120912-135020/org.eclipse.core.databinding-1.4.1.v20120912-135020.jar,reference:file:/home/celita/.m2/repository/p2/osgi/bundle/org.eclipse.core.expressions/3.4.400.v20120523-2004/org.eclipse.core.expressions-3.4.400.v20120523-2004.jar,reference:file:/home/celita/.m2/repository/p2/osgi/bundle/org.eclipse.core.filesystem/1.3.200.v20130115-145044/org.eclipse.core.filesystem-1.3.200.v20130115-145044.jar,reference:file:/home/celita/.m2/repository/p2/osgi/bundle/org.eclipse.core.jobs/3.5.200.v20120521-2346/org.eclipse.core.jobs-3.5.200.v20120521-2346.jar,reference:file:/home/celita/.m2/repository/p2/osgi/bundle/org.eclipse.equinox.security/1.1.100.v20120522-1841/org.eclipse.equinox.security-1.1.100.v20120522-1841.jar,reference:file:/home/celita/.m2/repository/p2/osgi/bundle/org.eclipse.core.net/1.2.200.v20120914-093638/org.eclipse.core.net-1.2.200.v20120914-093638.jar,reference:file:/home/celita/.m2/repository/p2/osgi/bundle/org.eclipse.core.resources/3.8.1.v20121114-124432/org.eclipse.core.resources-3.8.1.v20121114-124432.jar,reference:file:/home/celita/.m2/repository/p2/osgi/bundle/org.eclipse.equinox.app/1.3.100.v20120522-1841/org.eclipse.equinox.app-1.3.100.v20120522-1841.jar,reference:file:/home/celita/.m2/repository/p2/osgi/bundle/org.eclipse.equinox.p2.core/2.2.0.v20120430-0525/org.eclipse.equinox.p2.core-2.2.0.v20120430-0525.jar,reference:file:/home/celita/.m2/repository/p2/osgi/bundle/org.eclipse.equinox.p2.metadata/2.1.0.v20120430-2001/org.eclipse.equinox.p2.metadata-2.1.0.v20120430-2001.jar,reference:file:/home/celita/.m2/repository/p2/osgi/bundle/org.eclipse.equinox.p2.metadata.repository/1.2.100.v20120524-1717/org.eclipse.equinox.p2.metadata.repository-1.2.100.v20120524-1717.jar,reference:file:/home/celita/.m2/repository/p2/osgi/bundle/org.eclipse.equinox.p2.repository/2.2.0.v20120524-1945/org.eclipse.equinox.p2.repository-2.2.0.v20120524-1945.jar,reference:file:/home/celita/.m2/repository/p2/osgi/bundle/org.eclipse.equinox.p2.engine/2.2.0.v20130121-021919/org.eclipse.equinox.p2.engine-2.2.0.v20130121-021919.jar,reference:file:/home/celita/.m2/repository/p2/osgi/bundle/org.eclipse.help/3.6.0.v20120912-134126/org.eclipse.help-3.6.0.v20120912-134126.jar,reference:file:/home/celita/.m2/repository/p2/osgi/bundle/org.eclipse.swt/3.8.1.v3836b/org.eclipse.swt-3.8.1.v3836b.jar,reference:file:/home/celita/.m2/repository/p2/osgi/bundle/org.eclipse.jface.databinding/1.6.0.v20120912-135020/org.eclipse.jface.databinding-1.6.0.v20120912-135020.jar,reference:file:/home/celita/.m2/repository/p2/osgi/bundle/org.eclipse.text/3.5.200.v20120523-1310/org.eclipse.text-3.5.200.v20120523-1310.jar,reference:file:/home/celita/.m2/repository/p2/osgi/bundle/org.eclipse.jface.text/3.8.2.v20121126-164145/org.eclipse.jface.text-3.8.2.v20121126-164145.jar,reference:file:/home/celita/.m2/repository/p2/osgi/bundle/org.eclipse.ui.workbench/3.8.2.v20121128-133708/org.eclipse.ui.workbench-3.8.2.v20121128-133708.jar,reference:file:/home/celita/.m2/repository/p2/osgi/bundle/org.eclipse.ui.ide/3.8.2.v20121106-170106/org.eclipse.ui.ide-3.8.2.v20121106-170106.jar,reference:file:/home/celita/.m2/repository/p2/osgi/bundle/org.eclipse.ui.ide.application/1.0.400.v20120523-1956/org.eclipse.ui.ide.application-1.0.400.v20120523-1956.jar,reference:file:/home/celita/.m2/repository/p2/osgi/bundle/org.hamcrest.core/1.1.0.v20090501071000/org.hamcrest.core-1.1.0.v20090501071000.jar,reference:file:/home/celita/.m2/repository/p2/osgi/bundle/org.eclipse.equinox.launcher/1.3.0.v20120522-1813/org.eclipse.equinox.launcher-1.3.0.v20120522-1813.jar,reference:file:/home/celita/.m2/repository/p2/osgi/bundle/org.eclipse.swt.gtk.linux.x86_64/3.8.1.v3836b/org.eclipse.swt.gtk.linux.x86_64-3.8.1.v3836b.jar,reference:file:/home/celita/.m2/repository/p2/osgi/bundle/org.eclipse.swt.gtk.linux.x86/3.8.1.v3836b/org.eclipse.swt.gtk.linux.x86-3.8.1.v3836b.jar,reference:file:/home/celita/.m2/repository/p2/osgi/bundle/org.eclipse.swt.win32.win32.x86/3.8.1.v3836b/org.eclipse.swt.win32.win32.x86-3.8.1.v3836b.jar,reference:file:/home/celita/.m2/repository/p2/osgi/bundle/org.eclipse.swt.win32.win32.x86_64/3.8.1.v3836b/org.eclipse.swt.win32.win32.x86_64-3.8.1.v3836b.jar,reference:file:/home/celita/.m2/repository/org/eclipse/tycho/org.eclipse.tycho.surefire.osgibooter/0.22.0/org.eclipse.tycho.surefire.osgibooter-0.22.0.jar,reference:file:/home/celita/.m2/repository/org/eclipse/tycho/org.eclipse.tycho.surefire.junit4/0.22.0/org.eclipse.tycho.surefire.junit4-0.22.0.jar"/>
    <property name="java.endorsed.dirs" value="/usr/lib/jvm/jdk1.8.0_05/jre/lib/endorsed"/>
    <property name="sun.cpu.isalist" value=""/>
    <property name="sun.jnu.encoding" value="UTF-8"/>
    <property name="eclipse.application" value="org.eclipse.tycho.surefire.osgibooter.headlesstest"/>
    <property name="file.encoding.pkg" value="sun.io"/>
    <property name="org.osgi.framework.vendor" value="Eclipse"/>
    <property name="file.separator" value="/"/>
    <property name="java.specification.name" value="Java Platform API Specification"/>
    <property name="osgi.checkConfiguration" value="true"/>
    <property name="java.class.version" value="52.0"/>
    <property name="user.country" value="DE"/>
    <property name="osgi.configuration.cascaded" value="false"/>
    <property name="java.home" value="/usr/lib/jvm/jdk1.8.0_05/jre"/>
    <property name="osgi.os" value="linux"/>
    <property name="eclipse.commands" value="-data&#10;/media/celita/SSD/git_repository/opentrainingcenter/ch.opentrainingcenter.database.tests/target/work/data&#10;-install&#10;/media/celita/SSD/git_repository/opentrainingcenter/ch.opentrainingcenter.database.tests/target/work&#10;-configuration&#10;/media/celita/SSD/git_repository/opentrainingcenter/ch.opentrainingcenter.database.tests/target/work/configuration&#10;-application&#10;org.eclipse.tycho.surefire.osgibooter.headlesstest&#10;-testproperties&#10;/media/celita/SSD/git_repository/opentrainingcenter/ch.opentrainingcenter.database.tests/target/surefire.properties&#10;"/>
    <property name="java.vm.info" value="mixed mode"/>
    <property name="os.version" value="3.13.0-55-generic"/>
    <property name="osgi.arch" value="x86_64"/>
    <property name="path.separator" value=":"/>
    <property name="java.vm.version" value="25.5-b02"/>
    <property name="org.osgi.supports.framework.fragment" value="true"/>
    <property name="osgi.framework.shape" value="jar"/>
    <property name="java.awt.printerjob" value="sun.print.PSPrinterJob"/>
    <property name="sun.io.unicode.encoding" value="UnicodeLittle"/>
    <property name="org.osgi.framework.version" value="1.7.0"/>
    <property name="awt.toolkit" value="sun.awt.X11.XToolkit"/>
    <property name="osgi.dev" value="file:/media/celita/SSD/git_repository/opentrainingcenter/ch.opentrainingcenter.database.tests/target/work/dev.properties"/>
    <property name="osgi.install.area" value="file:/media/celita/SSD/git_repository/opentrainingcenter/ch.opentrainingcenter.database.tests/target/work/"/>
    <property name="osgi.framework" value="file:/home/celita/.m2/repository/p2/osgi/bundle/org.eclipse.osgi/3.8.2.v20130124-134944/org.eclipse.osgi-3.8.2.v20130124-134944.jar"/>
    <property name="user.home" value="/home/celita"/>
    <property name="osgi.bundlestore" value="/media/celita/SSD/git_repository/opentrainingcenter/ch.opentrainingcenter.database.tests/target/work/configuration/org.eclipse.osgi/bundles"/>
    <property name="java.specification.vendor" value="Oracle Corporation"/>
    <property name="osgi.nl" value="de_DE"/>
    <property name="java.library.path" value="/usr/java/packages/lib/amd64:/usr/lib64:/lib64:/lib:/usr/lib"/>
    <property name="java.vendor.url" value="http://java.oracle.com/"/>
    <property name="osgi.bundlefile.limit" value="100"/>
    <property name="eclipse.startTime" value="1434742862110"/>
    <property name="org.osgi.framework.os.version" value="3.13.0"/>
    <property name="java.vm.vendor" value="Oracle Corporation"/>
    <property name="java.runtime.name" value="Java(TM) SE Runtime Environment"/>
    <property name="sun.java.command" value="/home/celita/.m2/repository/p2/osgi/bundle/org.eclipse.equinox.launcher/1.3.0.v20120522-1813/org.eclipse.equinox.launcher-1.3.0.v20120522-1813.jar -data /media/celita/SSD/git_repository/opentrainingcenter/ch.opentrainingcenter.database.tests/target/work/data -install /media/celita/SSD/git_repository/opentrainingcenter/ch.opentrainingcenter.database.tests/target/work -configuration /media/celita/SSD/git_repository/opentrainingcenter/ch.opentrainingcenter.database.tests/target/work/configuration -application org.eclipse.tycho.surefire.osgibooter.headlesstest -testproperties /media/celita/SSD/git_repository/opentrainingcenter/ch.opentrainingcenter.database.tests/target/surefire.properties"/>
    <property name="java.class.path" value="/home/celita/.m2/repository/p2/osgi/bundle/org.eclipse.equinox.launcher/1.3.0.v20120522-1813/org.eclipse.equinox.launcher-1.3.0.v20120522-1813.jar:/home/celita/.m2/repository/org/jacoco/org.jacoco.agent/0.7.1.201405082137/org.jacoco.agent-0.7.1.201405082137-runtime.jar"/>
    <property name="java.vm.specification.name" value="Java Virtual Machine Specification"/>
    <property name="java.vm.specification.version" value="1.8"/>
    <property name="sun.os.patch.level" value="unknown"/>
    <property name="sun.cpu.endian" value="little"/>
    <property name="gosh.args" value="--nointeractive"/>
    <property name="java.io.tmpdir" value="/tmp"/>
    <property name="java.vendor.url.bug" value="http://bugreport.sun.com/bugreport/"/>
    <property name="eclipse.home.location" value="file:/media/celita/SSD/git_repository/opentrainingcenter/ch.opentrainingcenter.database.tests/target/work/"/>
    <property name="java.awt.graphicsenv" value="sun.awt.X11GraphicsEnvironment"/>
    <property name="os.arch" value="amd64"/>
    <property name="java.ext.dirs" value="/usr/lib/jvm/jdk1.8.0_05/jre/lib/ext:/usr/java/packages/lib/ext"/>
    <property name="user.dir" value="/media/celita/SSD/git_repository/opentrainingcenter/ch.opentrainingcenter.database.tests"/>
    <property name="org.osgi.supports.framework.requirebundle" value="true"/>
    <property name="osgi.clean" value="true"/>
    <property name="line.separator" value="&#10;"/>
    <property name="java.vm.name" value="Java HotSpot(TM) 64-Bit Server VM"/>
    <property name="file.encoding" value="UTF-8"/>
    <property name="osgi.framework.version" value="3.8.2.v20130124-134944"/>
    <property name="java.specification.version" value="1.8"/>
    <property name="org.osgi.framework.executionenvironment" value="OSGi/Minimum-1.0,OSGi/Minimum-1.1,OSGi/Minimum-1.2,JRE-1.1,J2SE-1.2,J2SE-1.3,J2SE-1.4,J2SE-1.5,JavaSE-1.6,JavaSE-1.7"/>
    <property name="osgi.configuration.area" value="file:/media/celita/SSD/git_repository/opentrainingcenter/ch.opentrainingcenter.database.tests/target/work/configuration/"/>
    <property name="osgi.logfile" value="/media/celita/SSD/git_repository/opentrainingcenter/ch.opentrainingcenter.database.tests/target/work/configuration/1434742862271.log"/>
  </properties>
  <testcase name="testGetWeather" classname="ch.opentrainingcenter.db.internal.WeatherDaoTest" time="0.006"/>
</testsuite>